

times in msec
 clock   self+sourced   self:  sourced script
 clock   elapsed:              other lines

000.022  000.022: --- NVIM STARTING ---
000.926  000.904: locale set
001.963  001.037: inits 1
001.995  000.032: window checked
002.003  000.008: parsing arguments
002.240  000.237: expanding arguments
002.356  000.116: inits 2
003.294  000.938: init highlight
003.387  000.093: waiting for UI
004.999  001.612: done waiting for UI
005.027  000.028: initialized screen early for UI
015.955  010.495  010.495: sourcing /usr/share/nvim/runtime/filetype.vim
016.159  000.068  000.068: sourcing /usr/share/nvim/runtime/ftplugin.vim
016.327  000.056  000.056: sourcing /usr/share/nvim/runtime/indent.vim
381.080  001.055  001.055: sourcing /usr/share/nvim/runtime/syntax/syncolor.vim
411.847  038.088  037.033: sourcing /home/sroeca/.config/nvim/pack/packager/start/papercolor-theme/colors/PaperColor.vim
1266.296  1261.155  1212.447: sourcing /home/sroeca/.config/nvim/init.vim
1266.351  000.168: sourcing vimrc file(s)
1269.978  000.481  000.481: sourcing /usr/share/nvim/runtime/syntax/syncolor.vim
1272.599  000.496  000.496: sourcing /usr/share/nvim/runtime/syntax/syncolor.vim
1280.439  013.074  012.096: sourcing /home/sroeca/.config/nvim/pack/packager/start/papercolor-theme/colors/PaperColor.vim
1280.709  014.252  001.179: sourcing /usr/share/nvim/runtime/syntax/synload.vim
1280.743  014.369  000.116: sourcing /usr/share/nvim/runtime/syntax/syntax.vim
1293.029  000.243  000.243: sourcing /usr/share/nvim/runtime/plugin/gzip.vim
1293.060  000.012  000.012: sourcing /usr/share/nvim/runtime/plugin/health.vim
1293.186  000.113  000.113: sourcing /usr/share/nvim/runtime/plugin/man.vim
1294.334  000.283  000.283: sourcing /usr/share/nvim/runtime/pack/dist/opt/matchit/plugin/matchit.vim
1294.394  001.192  000.910: sourcing /usr/share/nvim/runtime/plugin/matchit.vim
1294.604  000.196  000.196: sourcing /usr/share/nvim/runtime/plugin/matchparen.vim
1295.111  000.491  000.491: sourcing /usr/share/nvim/runtime/plugin/netrwPlugin.vim
1296.155  000.189  000.189: sourcing /usr/share/nvim/runtime/autoload/remote/host.vim
1297.029  000.179  000.179: sourcing /usr/share/nvim/runtime/autoload/remote/define.vim
1297.700  002.407  002.039: sourcing /home/sroeca/.local/share/nvim/rplugin.vim
1297.708  002.568  000.160: sourcing /usr/share/nvim/runtime/plugin/rplugin.vim
1297.870  000.136  000.136: sourcing /usr/share/nvim/runtime/plugin/shada.vim
1297.930  000.036  000.036: sourcing /usr/share/nvim/runtime/plugin/spellfile.vim
1298.150  000.199  000.199: sourcing /usr/share/nvim/runtime/plugin/tarPlugin.vim
1298.292  000.109  000.109: sourcing /usr/share/nvim/runtime/plugin/tohtml.vim
1298.337  000.023  000.023: sourcing /usr/share/nvim/runtime/plugin/tutor.vim
1298.575  000.219  000.219: sourcing /usr/share/nvim/runtime/plugin/zipPlugin.vim
1298.582  012.327: loading plugins
1300.408  000.296  000.296: sourcing /home/sroeca/.config/nvim/pack/packager/start/Colorizer/plugin/ColorizerPlugin.vim
1300.565  000.041  000.041: sourcing /home/sroeca/.config/nvim/pack/packager/start/CurtineIncSw.vim/plugin/CurtineIncSw.vim
1300.707  000.051  000.051: sourcing /home/sroeca/.config/nvim/pack/packager/start/Dockerfile.vim/ftdetect/Dockerfile.vim
1300.755  000.020  000.020: sourcing /home/sroeca/.config/nvim/pack/packager/start/Dockerfile.vim/ftdetect/docker-compose.vim
1300.862  000.025  000.025: sourcing /home/sroeca/.config/nvim/pack/packager/start/Jenkinsfile-vim-syntax/ftdetect/Jenkinsfile.vim
1301.170  000.223  000.223: sourcing /home/sroeca/.config/nvim/pack/packager/start/LanguageClient-neovim/plugin/LanguageClient.vim
1301.559  000.290  000.290: sourcing /home/sroeca/.config/nvim/pack/packager/start/QFEnter/plugin/QFEnter.vim
1301.719  000.050  000.050: sourcing /home/sroeca/.config/nvim/pack/packager/start/Vim-Jinja2-Syntax/ftdetect/jinja.vim
1302.003  000.209  000.209: sourcing /home/sroeca/.config/nvim/pack/packager/start/ansible-vim/ftdetect/ansible.vim
1302.528  000.438  000.438: sourcing /home/sroeca/.config/nvim/pack/packager/start/auto-pairs/plugin/auto-pairs.vim
1303.475  000.800  000.800: sourcing /home/sroeca/.config/nvim/pack/packager/start/bullets.vim/plugin/bullets.vim
1305.424  000.106  000.106: sourcing /usr/share/nvim/runtime/autoload/provider/pythonx.vim
1401.007  096.322  096.216: sourcing /usr/share/nvim/runtime/autoload/provider/python3.vim
1401.427  097.474  001.152: sourcing /home/sroeca/.config/nvim/pack/packager/start/clang_complete/plugin/clang_complete.vim
1402.267  000.681  000.681: sourcing /home/sroeca/.config/nvim/pack/packager/start/defx-icons/plugin/defx_icons.vim
1402.438  000.045  000.045: sourcing /home/sroeca/.config/nvim/pack/packager/start/defx.nvim/plugin/defx.vim
1403.303  000.084  000.084: sourcing /home/sroeca/.config/nvim/pack/packager/start/deoplete.nvim/autoload/deoplete.vim
1403.629  001.087  001.003: sourcing /home/sroeca/.config/nvim/pack/packager/start/deoplete.nvim/plugin/deoplete.vim
1403.930  000.186  000.186: sourcing /home/sroeca/.config/nvim/pack/packager/start/diffconflicts/plugin/diffconflicts.vim
1404.249  000.205  000.205: sourcing /home/sroeca/.config/nvim/pack/packager/start/echodoc.vim/plugin/echodoc.vim
1405.010  000.644  000.644: sourcing /home/sroeca/.config/nvim/pack/packager/start/ferret/plugin/ferret.vim
1405.254  000.111  000.111: sourcing /home/sroeca/.config/nvim/pack/packager/start/file-line.git/plugin/file_line.vim
1406.133  000.753  000.753: sourcing /home/sroeca/.config/nvim/pack/packager/start/fzf/plugin/fzf.vim
1406.614  000.325  000.325: sourcing /home/sroeca/.config/nvim/pack/packager/start/fzf-preview.vim.git/plugin/fzf_preview.vim
1407.780  001.046  001.046: sourcing /home/sroeca/.config/nvim/pack/packager/start/fzf.vim/plugin/fzf.vim
1408.081  000.168  000.168: sourcing /home/sroeca/.config/nvim/pack/packager/start/git-messenger.vim.git/plugin/gitmessenger.vim
1408.223  000.031  000.031: sourcing /home/sroeca/.config/nvim/pack/packager/start/goyo.vim/plugin/goyo.vim
1408.631  000.276  000.276: sourcing /home/sroeca/.config/nvim/pack/packager/start/gv.vim/plugin/gv.vim
1408.771  000.032  000.032: sourcing /home/sroeca/.config/nvim/pack/packager/start/haskell-vim/ftdetect/haskell.vim
1409.113  000.242  000.242: sourcing /home/sroeca/.config/nvim/pack/packager/start/hexmode/plugin/hexmode.vim
1409.385  000.065  000.065: sourcing /home/sroeca/.config/nvim/pack/packager/start/limelight.vim/plugin/limelight.vim
1409.646  000.150  000.150: sourcing /home/sroeca/.config/nvim/pack/packager/start/markdown-preview.nvim/plugin/mkdp.vim
1409.865  000.112  000.112: sourcing /home/sroeca/.config/nvim/pack/packager/start/neco-vim/plugin/necovim.vim
1410.796  000.051  000.051: sourcing /home/sroeca/.config/nvim/pack/packager/start/neomake/autoload/neomake/setup.vim
1410.917  000.947  000.896: sourcing /home/sroeca/.config/nvim/pack/packager/start/neomake/plugin/neomake.vim
1411.275  000.219  000.219: sourcing /home/sroeca/.config/nvim/pack/packager/start/neosnippet.vim/plugin/neosnippet.vim
1411.379  000.027  000.027: sourcing /home/sroeca/.config/nvim/pack/packager/start/neosnippet.vim/ftdetect/neosnippet.vim
1411.524  000.063  000.063: sourcing /home/sroeca/.config/nvim/pack/packager/start/nginx.vim/ftdetect/nginx.vim
1411.993  000.370  000.370: sourcing /home/sroeca/.config/nvim/pack/packager/start/open-browser.vim/plugin/openbrowser.vim
1412.319  000.066  000.066: sourcing /home/sroeca/.config/nvim/pack/packager/start/plantuml-previewer.vim/plugin/plantuml-previewer.vim
1412.508  000.072  000.072: sourcing /home/sroeca/.config/nvim/pack/packager/start/plantuml-syntax/ftdetect/plantuml.vim
1413.528  000.862  000.862: sourcing /home/sroeca/.config/nvim/pack/packager/start/quick-scope/plugin/quick_scope.vim
1413.806  000.078  000.078: sourcing /home/sroeca/.config/nvim/pack/packager/start/requirements.txt.vim/plugin/requirements.vim
1413.970  000.083  000.083: sourcing /home/sroeca/.config/nvim/pack/packager/start/requirements.txt.vim/ftdetect/requirements.vim
1414.126  000.023  000.023: sourcing /home/sroeca/.config/nvim/pack/packager/start/ron.vim/ftdetect/ron.vim
1414.288  000.056  000.056: sourcing /home/sroeca/.config/nvim/pack/packager/start/rst-tables.nvim/plugin/rst-tables.vim
1414.591  000.116  000.116: sourcing /home/sroeca/.config/nvim/pack/packager/start/rust.vim/plugin/cargo.vim
1414.686  000.058  000.058: sourcing /home/sroeca/.config/nvim/pack/packager/start/rust.vim/plugin/rust.vim
1414.818  000.054  000.054: sourcing /home/sroeca/.config/nvim/pack/packager/start/rust.vim/ftdetect/rust.vim
1415.054  000.093  000.093: sourcing /home/sroeca/.config/nvim/pack/packager/start/tabline/plugin/tabline.vim
1415.502  000.325  000.325: sourcing /home/sroeca/.config/nvim/pack/packager/start/tabular/plugin/Tabular.vim
1416.931  001.298  001.298: sourcing /home/sroeca/.config/nvim/pack/packager/start/tagbar/plugin/tagbar.vim
1417.343  000.193  000.193: sourcing /home/sroeca/.config/nvim/pack/packager/start/tagbar-markdown/plugin/markdown_tagbar.vim
1418.187  000.630  000.630: sourcing /home/sroeca/.config/nvim/pack/packager/start/targets.vim/plugin/targets.vim
1418.453  000.054  000.054: sourcing /home/sroeca/.config/nvim/pack/packager/start/typescript-vim/ftdetect/typescript.vim
1419.035  000.397  000.397: sourcing /home/sroeca/.config/nvim/pack/packager/start/undotree/plugin/undotree.vim
1419.390  000.123  000.123: sourcing /home/sroeca/.config/nvim/pack/packager/start/vader.vim/plugin/vader.vim
1419.566  000.055  000.055: sourcing /home/sroeca/.config/nvim/pack/packager/start/vader.vim/ftdetect/vader.vim
1421.508  001.763  001.763: sourcing /home/sroeca/.config/nvim/pack/packager/start/vim-abolish/plugin/abolish.vim
1422.081  000.297  000.297: sourcing /home/sroeca/.config/nvim/pack/packager/start/vim-altscreen/plugin/altscreen.vim
1425.415  003.086  003.086: sourcing /home/sroeca/.config/nvim/pack/packager/start/vim-bufkill/plugin/bufkill.vim
1425.921  000.226  000.226: sourcing /home/sroeca/.config/nvim/pack/packager/start/vim-characterize.git/plugin/characterize.vim
1426.583  000.386  000.386: sourcing /home/sroeca/.config/nvim/pack/packager/start/vim-choosewin/plugin/choosewin.vim
1427.314  000.488  000.488: sourcing /home/sroeca/.config/nvim/pack/packager/start/vim-commentary/plugin/commentary.vim
1427.888  000.323  000.323: sourcing /home/sroeca/.config/nvim/pack/packager/start/vim-devdocs/plugin/devdocs.vim
1428.752  000.613  000.613: sourcing /home/sroeca/.config/nvim/pack/packager/start/vim-ditto/plugin/ditto.vim
1429.035  000.049  000.049: sourcing /home/sroeca/.config/nvim/pack/packager/start/vim-ebnf/ftdetect/ebnf.vim
1429.540  000.285  000.285: sourcing /home/sroeca/.config/nvim/pack/packager/start/vim-editorconfig/plugin/editorconfig.vim
1429.738  000.051  000.051: sourcing /home/sroeca/.config/nvim/pack/packager/start/vim-editorconfig/ftdetect/editorconfig.vim
1431.247  001.298  001.298: sourcing /home/sroeca/.config/nvim/pack/packager/start/vim-eunuch/plugin/eunuch.vim
1432.726  001.180  001.180: sourcing /home/sroeca/.config/nvim/pack/packager/start/vim-exchange/plugin/exchange.vim
1434.266  000.368  000.368: sourcing /home/sroeca/.config/nvim/pack/packager/start/vim-filetype-formatter/autoload/filetype_formatter/ft.vim
1434.397  001.385  001.018: sourcing /home/sroeca/.config/nvim/pack/packager/start/vim-filetype-formatter/plugin/filetype_formatter.vim
1437.075  002.485  002.485: sourcing /home/sroeca/.config/nvim/pack/packager/start/vim-fugitive/plugin/fugitive.vim
1437.235  000.033  000.033: sourcing /home/sroeca/.config/nvim/pack/packager/start/vim-fugitive/ftdetect/fugitive.vim
1437.445  000.048  000.048: sourcing /home/sroeca/.config/nvim/pack/packager/start/vim-fzf-coauthorship/plugin/vim-fzf-coauthorship.vim
1437.641  000.031  000.031: sourcing /home/sroeca/.config/nvim/pack/packager/start/vim-gdscript3/ftdetect/gdscript3.vim
1437.717  000.030  000.030: sourcing /home/sroeca/.config/nvim/pack/packager/start/vim-gdscript3/ftdetect/gsl.vim
1439.250  000.776  000.776: sourcing /home/sroeca/.config/nvim/pack/packager/start/vim-go/autoload/go/config.vim
1441.012  000.689  000.689: sourcing /home/sroeca/.config/nvim/pack/packager/start/vim-go/autoload/go/util.vim
1441.083  003.227  001.762: sourcing /home/sroeca/.config/nvim/pack/packager/start/vim-go/plugin/go.vim
1441.868  000.608  000.608: sourcing /home/sroeca/.config/nvim/pack/packager/start/vim-go/ftdetect/gofiletype.vim
1442.158  000.066  000.066: sourcing /home/sroeca/.config/nvim/pack/packager/start/vim-graphql/ftdetect/graphql.vim
1443.255  000.884  000.884: sourcing /home/sroeca/.config/nvim/pack/packager/start/vim-inccomplete/plugin/inccomplete.vim
1444.023  000.592  000.592: sourcing /home/sroeca/.config/nvim/pack/packager/start/vim-indexed-search/plugin/indexed-search.vim
1444.211  000.030  000.030: sourcing /home/sroeca/.config/nvim/pack/packager/start/vim-javascript/ftdetect/flow.vim
1444.368  000.116  000.116: sourcing /home/sroeca/.config/nvim/pack/packager/start/vim-javascript/ftdetect/javascript.vim
1444.594  000.065  000.065: sourcing /home/sroeca/.config/nvim/pack/packager/start/vim-json/ftdetect/json.vim
1444.787  000.082  000.082: sourcing /home/sroeca/.config/nvim/pack/packager/start/vim-jsonc.git/ftdetect/jsonc.vim
1444.974  000.028  000.028: sourcing /home/sroeca/.config/nvim/pack/packager/start/vim-kivy/plugin/kv.vim
1445.120  000.027  000.027: sourcing /home/sroeca/.config/nvim/pack/packager/start/vim-less/ftdetect/less.vim
1445.344  000.082  000.082: sourcing /home/sroeca/.config/nvim/pack/packager/start/vim-markdown/ftdetect/markdown.vim
1445.582  000.116  000.116: sourcing /home/sroeca/.config/nvim/pack/packager/start/vim-marp/plugin/marp.vim
1445.917  000.153  000.153: sourcing /home/sroeca/.config/nvim/pack/packager/start/vim-radical.git/plugin/radical.vim
1447.536  001.479  001.479: sourcing /home/sroeca/.config/nvim/pack/packager/start/vim-ragtag/plugin/ragtag.vim
1448.300  000.510  000.510: sourcing /home/sroeca/.config/nvim/pack/packager/start/vim-rsi.git/plugin/rsi.vim
1449.802  001.109  001.109: sourcing /home/sroeca/.config/nvim/pack/packager/start/vim-sandwich/plugin/operator/sandwich.vim
1450.306  000.451  000.451: sourcing /home/sroeca/.config/nvim/pack/packager/start/vim-sandwich/plugin/sandwich.vim
1450.690  000.339  000.339: sourcing /home/sroeca/.config/nvim/pack/packager/start/vim-sandwich/plugin/textobj/sandwich.vim
1451.176  000.333  000.333: sourcing /home/sroeca/.config/nvim/pack/packager/start/vim-scala/plugin/scala.vim
1451.356  000.082  000.082: sourcing /home/sroeca/.config/nvim/pack/packager/start/vim-scala/ftdetect/scala.vim
1452.685  001.198  001.198: sourcing /home/sroeca/.config/nvim/pack/packager/start/vim-scriptease/plugin/scriptease.vim
1453.133  000.287  000.287: sourcing /home/sroeca/.config/nvim/pack/packager/start/vim-slime.git/plugin/slime.vim
1453.297  000.029  000.029: sourcing /home/sroeca/.config/nvim/pack/packager/start/vim-solidity/ftdetect/solidity.vim
1454.735  001.311  001.311: sourcing /home/sroeca/.config/nvim/pack/packager/start/vim-speeddating.git/plugin/speeddating.vim
1455.370  000.457  000.457: sourcing /home/sroeca/.config/nvim/pack/packager/start/vim-startify/plugin/startify.vim
1455.560  000.035  000.035: sourcing /home/sroeca/.config/nvim/pack/packager/start/vim-svelte/ftdetect/svelte.vim
1456.038  000.350  000.350: sourcing /home/sroeca/.config/nvim/pack/packager/start/vim-terraform/ftdetect/terraform.vim
1456.228  000.035  000.035: sourcing /home/sroeca/.config/nvim/pack/packager/start/vim-terraform-completion/ftdetect/tfcompleterc.vim
1458.198  001.612  001.612: sourcing /home/sroeca/.config/nvim/pack/packager/start/vim-textobj-user/autoload/textobj/user.vim
1460.684  004.286  002.673: sourcing /home/sroeca/.config/nvim/pack/packager/start/vim-textobj-fold/plugin/textobj/fold.vim
1465.348  004.449  004.449: sourcing /home/sroeca/.config/nvim/pack/packager/start/vim-textobj-indblock/plugin/textobj/indblock.vim
1467.945  002.386  002.386: sourcing /home/sroeca/.config/nvim/pack/packager/start/vim-textobj-line/plugin/textobj/line.vim
1468.308  000.116  000.116: sourcing /home/sroeca/.config/nvim/pack/packager/start/vim-textobj-sentence/plugin/textobj/sentence.vim
1471.206  002.687  002.687: sourcing /home/sroeca/.config/nvim/pack/packager/start/vim-textobj-syntax/plugin/textobj/syntax.vim
1471.490  000.067  000.067: sourcing /home/sroeca/.config/nvim/pack/packager/start/vim-toml/ftdetect/toml.vim
1471.699  000.082  000.082: sourcing /home/sroeca/.config/nvim/pack/packager/start/vim-vagrant/plugin/vagrant.vim
1471.814  000.031  000.031: sourcing /home/sroeca/.config/nvim/pack/packager/start/vim-vagrant/ftdetect/vagrant.vim
1472.081  000.148  000.148: sourcing /home/sroeca/.config/nvim/pack/packager/start/vim-veil.git/plugin/veil.vim
1472.438  000.210  000.210: sourcing /home/sroeca/.config/nvim/pack/packager/start/vim-visual-star-search/plugin/visual-star-search.vim
1473.168  000.569  000.569: sourcing /home/sroeca/.config/nvim/pack/packager/start/vim-wordy/plugin/wordy.vim
1473.563  000.226  000.226: sourcing /home/sroeca/.config/nvim/pack/packager/start/vimoutliner/ftdetect/votl.vim
1474.468  000.740  000.740: sourcing /home/sroeca/.config/nvim/pack/packager/start/winresizer/plugin/winresizer.vim
1474.688  000.076  000.076: sourcing /home/sroeca/.config/nvim/pack/packager/start/wmgraphviz.vim/ftdetect/dot.vim
1474.864  019.733: loading packages
1476.829  000.820  000.820: sourcing /home/sroeca/.config/nvim/pack/packager/start/tabular/autoload/tabular.vim
1480.106  004.881  004.061: sourcing /home/sroeca/.config/nvim/pack/packager/start/tabular/after/plugin/TabularMaps.vim
1481.007  000.735  000.735: sourcing /home/sroeca/.config/nvim/pack/packager/start/indentLine/after/plugin/indentLine.vim
1481.171  000.691: loading after plugins
1481.206  000.035: inits 3
1483.081  001.875: reading ShaDa
1484.074  000.993: opening buffers
1491.348  007.274: BufEnter autocommands
1491.361  000.013: editing files in windows
1555.345  000.798  000.798: sourcing /home/sroeca/.config/nvim/pack/packager/start/vim-startify/autoload/startify/fortune.vim
1557.260  000.990  000.990: sourcing /home/sroeca/.config/nvim/pack/packager/start/neomake/autoload/neomake/configure.vim
1559.431  000.107  000.107: sourcing /home/sroeca/.config/nvim/pack/packager/start/neomake/autoload/neomake/core.vim
1559.989  001.214  001.106: sourcing /home/sroeca/.config/nvim/pack/packager/start/neomake/autoload/neomake/utils.vim
1560.272  001.971  000.757: sourcing /home/sroeca/.config/nvim/pack/packager/start/neomake/autoload/neomake/compat.vim
1560.387  002.595  000.624: sourcing /home/sroeca/.config/nvim/pack/packager/start/neomake/autoload/neomake/log.vim
1561.301  000.154  000.154: sourcing /home/sroeca/.config/nvim/pack/packager/start/neomake/autoload/neomake/config.vim
1562.262  000.146  000.146: sourcing /home/sroeca/.config/nvim/pack/packager/start/neomake/autoload/neomake/cmd.vim
1564.081  000.982  000.982: sourcing /home/sroeca/.config/nvim/pack/packager/start/neomake/autoload/neomake/virtualtext.vim
1566.081  001.498  001.498: sourcing /home/sroeca/.config/nvim/pack/packager/start/neomake/autoload/neomake.vim
1568.652  001.368  001.368: sourcing /home/sroeca/.config/nvim/pack/packager/start/neomake/autoload/neomake/statusline.vim
1569.459  000.145  000.145: sourcing /home/sroeca/.config/nvim/pack/packager/start/deoplete.nvim/autoload/deoplete/custom.vim
1570.201  000.156  000.156: sourcing /home/sroeca/.config/nvim/pack/packager/start/deoplete.nvim/autoload/deoplete/init.vim
1570.988  000.137  000.137: sourcing /home/sroeca/.config/nvim/pack/packager/start/deoplete.nvim/autoload/deoplete/util.vim
1573.116  000.028  000.028: sourcing /usr/share/nvim/runtime/autoload/provider.vim
1725.740  000.219  000.219: sourcing /home/sroeca/.config/nvim/pack/packager/start/deoplete.nvim/autoload/deoplete/mapping.vim
1726.619  000.218  000.218: sourcing /home/sroeca/.config/nvim/pack/packager/start/deoplete.nvim/autoload/deoplete/handler.vim
1727.956  000.713  000.713: sourcing /home/sroeca/.config/nvim/pack/packager/start/vim-startify/autoload/startify.vim
1730.328  001.639  001.639: sourcing /home/sroeca/.config/nvim/pack/packager/start/LanguageClient-neovim/autoload/LanguageClient.vim
1731.126  000.151  000.151: sourcing /home/sroeca/.config/nvim/pack/packager/start/LanguageClient-neovim/autoload/LSP.vim
1736.999  000.263  000.263: sourcing /home/sroeca/.config/nvim/pack/packager/start/vim-startify/syntax/startify.vim
1739.028  235.468: VimEnter autocommands
1739.032  000.005: UIEnter autocommands
1739.034  000.002: before starting main loop
1740.867  001.833: first screen update
1740.870  000.003: --- NVIM STARTED ---
